Determining if the pthread_create exist failed with the following output:
Change Dir: /home/kpach/catkin_ws/src/comp0127_lab/lab02_stack/example01/cmake-build-debug/CMakeFiles/CMakeTmp

Run Build Command:"/usr/bin/make" "cmTC_fc7f6/fast"
/usr/bin/make -f CMakeFiles/cmTC_fc7f6.dir/build.make CMakeFiles/cmTC_fc7f6.dir/build
make[1]: Entering directory '/home/kpach/catkin_ws/src/comp0127_lab/lab02_stack/example01/cmake-build-debug/CMakeFiles/CMakeTmp'
Building C object CMakeFiles/cmTC_fc7f6.dir/CheckSymbolExists.c.o
/usr/bin/cc    -o CMakeFiles/cmTC_fc7f6.dir/CheckSymbolExists.c.o   -c /home/kpach/catkin_ws/src/comp0127_lab/lab02_stack/example01/cmake-build-debug/CMakeFiles/CMakeTmp/CheckSymbolExists.c
Linking C executable cmTC_fc7f6
/opt/clion-2017.2.3/bin/cmake/bin/cmake -E cmake_link_script CMakeFiles/cmTC_fc7f6.dir/link.txt --verbose=1
/usr/bin/cc      -rdynamic CMakeFiles/cmTC_fc7f6.dir/CheckSymbolExists.c.o  -o cmTC_fc7f6 
CMakeFiles/cmTC_fc7f6.dir/CheckSymbolExists.c.o: In function `main':
CheckSymbolExists.c:(.text+0x16): undefined reference to `pthread_create'
collect2: error: ld returned 1 exit status
CMakeFiles/cmTC_fc7f6.dir/build.make:97: recipe for target 'cmTC_fc7f6' failed
make[1]: *** [cmTC_fc7f6] Error 1
make[1]: Leaving directory '/home/kpach/catkin_ws/src/comp0127_lab/lab02_stack/example01/cmake-build-debug/CMakeFiles/CMakeTmp'
Makefile:126: recipe for target 'cmTC_fc7f6/fast' failed
make: *** [cmTC_fc7f6/fast] Error 2

File /home/kpach/catkin_ws/src/comp0127_lab/lab02_stack/example01/cmake-build-debug/CMakeFiles/CMakeTmp/CheckSymbolExists.c:
/* */
#include <pthread.h>

int main(int argc, char** argv)
{
  (void)argv;
#ifndef pthread_create
  return ((int*)(&pthread_create))[argc];
#else
  (void)argc;
  return 0;
#endif
}

Determining if the function pthread_create exists in the pthreads failed with the following output:
Change Dir: /home/kpach/catkin_ws/src/comp0127_lab/lab02_stack/example01/cmake-build-debug/CMakeFiles/CMakeTmp

Run Build Command:"/usr/bin/make" "cmTC_3c37c/fast"
/usr/bin/make -f CMakeFiles/cmTC_3c37c.dir/build.make CMakeFiles/cmTC_3c37c.dir/build
make[1]: Entering directory '/home/kpach/catkin_ws/src/comp0127_lab/lab02_stack/example01/cmake-build-debug/CMakeFiles/CMakeTmp'
Building C object CMakeFiles/cmTC_3c37c.dir/CheckFunctionExists.c.o
/usr/bin/cc   -DCHECK_FUNCTION_EXISTS=pthread_create   -o CMakeFiles/cmTC_3c37c.dir/CheckFunctionExists.c.o   -c /opt/clion-2017.2.3/bin/cmake/share/cmake-3.8/Modules/CheckFunctionExists.c
Linking C executable cmTC_3c37c
/opt/clion-2017.2.3/bin/cmake/bin/cmake -E cmake_link_script CMakeFiles/cmTC_3c37c.dir/link.txt --verbose=1
/usr/bin/cc  -DCHECK_FUNCTION_EXISTS=pthread_create    -rdynamic CMakeFiles/cmTC_3c37c.dir/CheckFunctionExists.c.o  -o cmTC_3c37c -lpthreads 
/usr/bin/ld: cannot find -lpthreads
collect2: error: ld returned 1 exit status
CMakeFiles/cmTC_3c37c.dir/build.make:97: recipe for target 'cmTC_3c37c' failed
make[1]: *** [cmTC_3c37c] Error 1
make[1]: Leaving directory '/home/kpach/catkin_ws/src/comp0127_lab/lab02_stack/example01/cmake-build-debug/CMakeFiles/CMakeTmp'
Makefile:126: recipe for target 'cmTC_3c37c/fast' failed
make: *** [cmTC_3c37c/fast] Error 2


